<?xml version="1.0" encoding="UTF-8"?>
<testng-results skipped="4" failed="2" total="17" passed="11">
  <reporter-output>
  </reporter-output>
  <suite name="Learning TestNG" duration-ms="20081" started-at="2017-08-27T17:24:36Z" finished-at="2017-08-27T17:24:56Z">
    <groups>
    </groups>
    <test name="Array Assert" duration-ms="11" started-at="2017-08-27T17:24:36Z" finished-at="2017-08-27T17:24:36Z">
      <class name="com.testNg.ArrayAssert">
        <test-method status="PASS" signature="beforeMethod()[pri:0, instance:com.testNg.ArrayAssert@2aaf7cc2]" name="beforeMethod" is-config="true" duration-ms="1" started-at="2017-08-27T22:54:36Z" finished-at="2017-08-27T22:54:36Z">
          <reporter-output>
          </reporter-output>
        </test-method> <!-- beforeMethod -->
        <test-method status="PASS" signature="f1()[pri:0, instance:com.testNg.ArrayAssert@2aaf7cc2]" name="f1" duration-ms="4" started-at="2017-08-27T22:54:36Z" finished-at="2017-08-27T22:54:36Z">
          <reporter-output>
          </reporter-output>
        </test-method> <!-- f1 -->
        <test-method status="PASS" signature="afterMethod()[pri:0, instance:com.testNg.ArrayAssert@2aaf7cc2]" name="afterMethod" is-config="true" duration-ms="1" started-at="2017-08-27T22:54:36Z" finished-at="2017-08-27T22:54:36Z">
          <reporter-output>
          </reporter-output>
        </test-method> <!-- afterMethod -->
      </class> <!-- com.testNg.ArrayAssert -->
    </test> <!-- Array Assert -->
    <test name="Data Provider" duration-ms="8" started-at="2017-08-27T17:24:41Z" finished-at="2017-08-27T17:24:41Z">
      <class name="com.testNg.ParametrisedTestUsingDaataProvider">
        <test-method status="PASS" signature="f1(int, int, boolean)[pri:0, instance:com.testNg.ParametrisedTestUsingDaataProvider@1134affc]" name="f1" duration-ms="0" started-at="2017-08-27T22:54:41Z" data-provider="param" finished-at="2017-08-27T22:54:41Z">
          <params>
            <param index="0">
              <value>
                <![CDATA[5]]>
              </value>
            </param>
            <param index="1">
              <value>
                <![CDATA[3]]>
              </value>
            </param>
            <param index="2">
              <value>
                <![CDATA[false]]>
              </value>
            </param>
          </params>
          <reporter-output>
          </reporter-output>
        </test-method> <!-- f1 -->
        <test-method status="PASS" signature="f1(int, int, boolean)[pri:0, instance:com.testNg.ParametrisedTestUsingDaataProvider@1134affc]" name="f1" duration-ms="0" started-at="2017-08-27T22:54:41Z" data-provider="param" finished-at="2017-08-27T22:54:41Z">
          <params>
            <param index="0">
              <value>
                <![CDATA[2]]>
              </value>
            </param>
            <param index="1">
              <value>
                <![CDATA[3]]>
              </value>
            </param>
            <param index="2">
              <value>
                <![CDATA[false]]>
              </value>
            </param>
          </params>
          <reporter-output>
          </reporter-output>
        </test-method> <!-- f1 -->
        <test-method status="PASS" signature="f1(int, int, boolean)[pri:0, instance:com.testNg.ParametrisedTestUsingDaataProvider@1134affc]" name="f1" duration-ms="0" started-at="2017-08-27T22:54:41Z" data-provider="param" finished-at="2017-08-27T22:54:41Z">
          <params>
            <param index="0">
              <value>
                <![CDATA[3]]>
              </value>
            </param>
            <param index="1">
              <value>
                <![CDATA[3]]>
              </value>
            </param>
            <param index="2">
              <value>
                <![CDATA[true]]>
              </value>
            </param>
          </params>
          <reporter-output>
          </reporter-output>
        </test-method> <!-- f1 -->
        <test-method status="PASS" signature="f2(int, int)[pri:0, instance:com.testNg.ParametrisedTestUsingDaataProvider@1134affc]" name="f2" duration-ms="0" started-at="2017-08-27T22:54:41Z" data-provider="param1" finished-at="2017-08-27T22:54:41Z">
          <params>
            <param index="0">
              <value>
                <![CDATA[3]]>
              </value>
            </param>
            <param index="1">
              <value>
                <![CDATA[2]]>
              </value>
            </param>
          </params>
          <reporter-output>
          </reporter-output>
        </test-method> <!-- f2 -->
        <test-method status="PASS" signature="f2(int, int)[pri:0, instance:com.testNg.ParametrisedTestUsingDaataProvider@1134affc]" name="f2" duration-ms="0" started-at="2017-08-27T22:54:41Z" data-provider="param1" finished-at="2017-08-27T22:54:41Z">
          <params>
            <param index="0">
              <value>
                <![CDATA[2]]>
              </value>
            </param>
            <param index="1">
              <value>
                <![CDATA[2]]>
              </value>
            </param>
          </params>
          <reporter-output>
          </reporter-output>
        </test-method> <!-- f2 -->
        <test-method status="PASS" signature="f3(int, int, boolean)[pri:0, instance:com.testNg.ParametrisedTestUsingDaataProvider@1134affc]" name="f3" duration-ms="1" started-at="2017-08-27T22:54:41Z" data-provider="param" finished-at="2017-08-27T22:54:41Z">
          <params>
            <param index="0">
              <value>
                <![CDATA[3]]>
              </value>
            </param>
            <param index="1">
              <value>
                <![CDATA[3]]>
              </value>
            </param>
            <param index="2">
              <value>
                <![CDATA[true]]>
              </value>
            </param>
          </params>
          <reporter-output>
          </reporter-output>
        </test-method> <!-- f3 -->
        <test-method status="PASS" signature="f3(int, int, boolean)[pri:0, instance:com.testNg.ParametrisedTestUsingDaataProvider@1134affc]" name="f3" duration-ms="0" started-at="2017-08-27T22:54:41Z" data-provider="param" finished-at="2017-08-27T22:54:41Z">
          <params>
            <param index="0">
              <value>
                <![CDATA[2]]>
              </value>
            </param>
            <param index="1">
              <value>
                <![CDATA[3]]>
              </value>
            </param>
            <param index="2">
              <value>
                <![CDATA[false]]>
              </value>
            </param>
          </params>
          <reporter-output>
          </reporter-output>
        </test-method> <!-- f3 -->
        <test-method status="PASS" signature="f3(int, int, boolean)[pri:0, instance:com.testNg.ParametrisedTestUsingDaataProvider@1134affc]" name="f3" duration-ms="0" started-at="2017-08-27T22:54:41Z" data-provider="param" finished-at="2017-08-27T22:54:41Z">
          <params>
            <param index="0">
              <value>
                <![CDATA[5]]>
              </value>
            </param>
            <param index="1">
              <value>
                <![CDATA[3]]>
              </value>
            </param>
            <param index="2">
              <value>
                <![CDATA[false]]>
              </value>
            </param>
          </params>
          <reporter-output>
          </reporter-output>
        </test-method> <!-- f3 -->
      </class> <!-- com.testNg.ParametrisedTestUsingDaataProvider -->
    </test> <!-- Data Provider -->
    <test name="Test Skipping" duration-ms="2" started-at="2017-08-27T17:24:46Z" finished-at="2017-08-27T17:24:46Z">
      <class name="com.testNg.TestSkippingAndPriority">
        <test-method status="SKIP" signature="testTestNg0()[pri:0, instance:com.testNg.TestSkippingAndPriority@6b71769e]" name="testTestNg0" duration-ms="1" started-at="2017-08-27T22:54:46Z" depends-on-methods="com.testNg.TestSkippingAndPriority.testTestNg1" finished-at="2017-08-27T22:54:46Z">
          <reporter-output>
          </reporter-output>
        </test-method> <!-- testTestNg0 -->
        <test-method status="SKIP" signature="testTestNg1()[pri:0, instance:com.testNg.TestSkippingAndPriority@6b71769e]" name="testTestNg1" duration-ms="0" started-at="2017-08-27T22:54:46Z" finished-at="2017-08-27T22:54:46Z">
          <exception class="org.testng.SkipException">
            <message>
              <![CDATA[Skipping this one]]>
            </message>
            <full-stacktrace>
              <![CDATA[org.testng.SkipException: Skipping this one
	at com.testNg.TestSkippingAndPriority.testTestNg1(TestSkippingAndPriority.java:15)
	at sun.reflect.NativeMethodAccessorImpl.invoke0(Native Method)
	at sun.reflect.NativeMethodAccessorImpl.invoke(NativeMethodAccessorImpl.java:62)
	at sun.reflect.DelegatingMethodAccessorImpl.invoke(DelegatingMethodAccessorImpl.java:43)
	at java.lang.reflect.Method.invoke(Method.java:498)
	at org.testng.internal.MethodInvocationHelper.invokeMethod(MethodInvocationHelper.java:84)
	at org.testng.internal.Invoker.invokeMethod(Invoker.java:714)
	at org.testng.internal.Invoker.invokeTestMethod(Invoker.java:901)
	at org.testng.internal.Invoker.invokeTestMethods(Invoker.java:1231)
	at org.testng.internal.TestMethodWorker.invokeTestMethods(TestMethodWorker.java:127)
	at org.testng.internal.TestMethodWorker.run(TestMethodWorker.java:111)
	at org.testng.TestRunner.privateRun(TestRunner.java:767)
	at org.testng.TestRunner.run(TestRunner.java:617)
	at org.testng.SuiteRunner.runTest(SuiteRunner.java:334)
	at org.testng.SuiteRunner.runSequentially(SuiteRunner.java:329)
	at org.testng.SuiteRunner.privateRun(SuiteRunner.java:291)
	at org.testng.SuiteRunner.run(SuiteRunner.java:240)
	at org.testng.SuiteRunnerWorker.runSuite(SuiteRunnerWorker.java:52)
	at org.testng.SuiteRunnerWorker.run(SuiteRunnerWorker.java:86)
	at org.testng.TestNG.runSuitesSequentially(TestNG.java:1224)
	at org.testng.TestNG.runSuitesLocally(TestNG.java:1149)
	at org.testng.TestNG.run(TestNG.java:1057)
	at org.testng.TestNG.privateMain(TestNG.java:1364)
	at org.testng.TestNG.main(TestNG.java:1333)
]]>
            </full-stacktrace>
          </exception> <!-- org.testng.SkipException -->
          <reporter-output>
          </reporter-output>
        </test-method> <!-- testTestNg1 -->
      </class> <!-- com.testNg.TestSkippingAndPriority -->
    </test> <!-- Test Skipping -->
    <test name="SoftAssert" duration-ms="3" started-at="2017-08-27T17:24:51Z" finished-at="2017-08-27T17:24:51Z">
      <class name="com.testNg.SoftAssertTryial">
        <test-method status="FAIL" signature="trySoftAssert1()[pri:0, instance:com.testNg.SoftAssertTryial@5594a1b5]" name="trySoftAssert1" duration-ms="3" started-at="2017-08-27T22:54:51Z" finished-at="2017-08-27T22:54:51Z">
          <exception class="java.lang.AssertionError">
            <message>
              <![CDATA[The following asserts failed:
Check1, Failes Here]]>
            </message>
            <full-stacktrace>
              <![CDATA[java.lang.AssertionError: The following asserts failed:
Check1, Failes Here
	at org.testng.asserts.SoftAssert.assertAll(SoftAssert.java:38)
	at com.testNg.SoftAssertTryial.trySoftAssert1(SoftAssertTryial.java:26)
	at sun.reflect.NativeMethodAccessorImpl.invoke0(Native Method)
	at sun.reflect.NativeMethodAccessorImpl.invoke(NativeMethodAccessorImpl.java:62)
	at sun.reflect.DelegatingMethodAccessorImpl.invoke(DelegatingMethodAccessorImpl.java:43)
	at java.lang.reflect.Method.invoke(Method.java:498)
	at org.testng.internal.MethodInvocationHelper.invokeMethod(MethodInvocationHelper.java:84)
	at org.testng.internal.Invoker.invokeMethod(Invoker.java:714)
	at org.testng.internal.Invoker.invokeTestMethod(Invoker.java:901)
	at org.testng.internal.Invoker.invokeTestMethods(Invoker.java:1231)
	at org.testng.internal.TestMethodWorker.invokeTestMethods(TestMethodWorker.java:127)
	at org.testng.internal.TestMethodWorker.run(TestMethodWorker.java:111)
	at org.testng.TestRunner.privateRun(TestRunner.java:767)
	at org.testng.TestRunner.run(TestRunner.java:617)
	at org.testng.SuiteRunner.runTest(SuiteRunner.java:334)
	at org.testng.SuiteRunner.runSequentially(SuiteRunner.java:329)
	at org.testng.SuiteRunner.privateRun(SuiteRunner.java:291)
	at org.testng.SuiteRunner.run(SuiteRunner.java:240)
	at org.testng.SuiteRunnerWorker.runSuite(SuiteRunnerWorker.java:52)
	at org.testng.SuiteRunnerWorker.run(SuiteRunnerWorker.java:86)
	at org.testng.TestNG.runSuitesSequentially(TestNG.java:1224)
	at org.testng.TestNG.runSuitesLocally(TestNG.java:1149)
	at org.testng.TestNG.run(TestNG.java:1057)
	at org.testng.TestNG.privateMain(TestNG.java:1364)
	at org.testng.TestNG.main(TestNG.java:1333)
]]>
            </full-stacktrace>
          </exception> <!-- java.lang.AssertionError -->
          <reporter-output>
          </reporter-output>
        </test-method> <!-- trySoftAssert1 -->
      </class> <!-- com.testNg.SoftAssertTryial -->
    </test> <!-- SoftAssert -->
    <test name="BeforeAfterAnnotation" duration-ms="5" started-at="2017-08-27T17:24:56Z" finished-at="2017-08-27T17:24:56Z">
      <class name="com.testNg.TestSkippingAndPriority">
        <test-method status="SKIP" signature="testTestNg1()[pri:0, instance:com.testNg.TestSkippingAndPriority@340f438e]" name="testTestNg1" duration-ms="1" started-at="2017-08-27T22:54:56Z" finished-at="2017-08-27T22:54:56Z">
          <exception class="org.testng.SkipException">
            <message>
              <![CDATA[Skipping this one]]>
            </message>
            <full-stacktrace>
              <![CDATA[org.testng.SkipException: Skipping this one
	at com.testNg.TestSkippingAndPriority.testTestNg1(TestSkippingAndPriority.java:15)
	at sun.reflect.NativeMethodAccessorImpl.invoke0(Native Method)
	at sun.reflect.NativeMethodAccessorImpl.invoke(NativeMethodAccessorImpl.java:62)
	at sun.reflect.DelegatingMethodAccessorImpl.invoke(DelegatingMethodAccessorImpl.java:43)
	at java.lang.reflect.Method.invoke(Method.java:498)
	at org.testng.internal.MethodInvocationHelper.invokeMethod(MethodInvocationHelper.java:84)
	at org.testng.internal.Invoker.invokeMethod(Invoker.java:714)
	at org.testng.internal.Invoker.invokeTestMethod(Invoker.java:901)
	at org.testng.internal.Invoker.invokeTestMethods(Invoker.java:1231)
	at org.testng.internal.TestMethodWorker.invokeTestMethods(TestMethodWorker.java:127)
	at org.testng.internal.TestMethodWorker.run(TestMethodWorker.java:111)
	at org.testng.TestRunner.privateRun(TestRunner.java:767)
	at org.testng.TestRunner.run(TestRunner.java:617)
	at org.testng.SuiteRunner.runTest(SuiteRunner.java:334)
	at org.testng.SuiteRunner.runSequentially(SuiteRunner.java:329)
	at org.testng.SuiteRunner.privateRun(SuiteRunner.java:291)
	at org.testng.SuiteRunner.run(SuiteRunner.java:240)
	at org.testng.SuiteRunnerWorker.runSuite(SuiteRunnerWorker.java:52)
	at org.testng.SuiteRunnerWorker.run(SuiteRunnerWorker.java:86)
	at org.testng.TestNG.runSuitesSequentially(TestNG.java:1224)
	at org.testng.TestNG.runSuitesLocally(TestNG.java:1149)
	at org.testng.TestNG.run(TestNG.java:1057)
	at org.testng.TestNG.privateMain(TestNG.java:1364)
	at org.testng.TestNG.main(TestNG.java:1333)
]]>
            </full-stacktrace>
          </exception> <!-- org.testng.SkipException -->
          <reporter-output>
          </reporter-output>
        </test-method> <!-- testTestNg1 -->
        <test-method status="SKIP" signature="testTestNg0()[pri:0, instance:com.testNg.TestSkippingAndPriority@340f438e]" name="testTestNg0" duration-ms="0" started-at="2017-08-27T22:54:56Z" depends-on-methods="com.testNg.TestSkippingAndPriority.testTestNg1" finished-at="2017-08-27T22:54:56Z">
          <reporter-output>
          </reporter-output>
        </test-method> <!-- testTestNg0 -->
      </class> <!-- com.testNg.TestSkippingAndPriority -->
      <class name="com.testNg.SoftAssertTryial">
        <test-method status="FAIL" signature="trySoftAssert1()[pri:0, instance:com.testNg.SoftAssertTryial@511baa65]" name="trySoftAssert1" duration-ms="0" started-at="2017-08-27T22:54:56Z" finished-at="2017-08-27T22:54:56Z">
          <exception class="java.lang.AssertionError">
            <message>
              <![CDATA[The following asserts failed:
Check1, Failes Here]]>
            </message>
            <full-stacktrace>
              <![CDATA[java.lang.AssertionError: The following asserts failed:
Check1, Failes Here
	at org.testng.asserts.SoftAssert.assertAll(SoftAssert.java:38)
	at com.testNg.SoftAssertTryial.trySoftAssert1(SoftAssertTryial.java:26)
	at sun.reflect.NativeMethodAccessorImpl.invoke0(Native Method)
	at sun.reflect.NativeMethodAccessorImpl.invoke(NativeMethodAccessorImpl.java:62)
	at sun.reflect.DelegatingMethodAccessorImpl.invoke(DelegatingMethodAccessorImpl.java:43)
	at java.lang.reflect.Method.invoke(Method.java:498)
	at org.testng.internal.MethodInvocationHelper.invokeMethod(MethodInvocationHelper.java:84)
	at org.testng.internal.Invoker.invokeMethod(Invoker.java:714)
	at org.testng.internal.Invoker.invokeTestMethod(Invoker.java:901)
	at org.testng.internal.Invoker.invokeTestMethods(Invoker.java:1231)
	at org.testng.internal.TestMethodWorker.invokeTestMethods(TestMethodWorker.java:127)
	at org.testng.internal.TestMethodWorker.run(TestMethodWorker.java:111)
	at org.testng.TestRunner.privateRun(TestRunner.java:767)
	at org.testng.TestRunner.run(TestRunner.java:617)
	at org.testng.SuiteRunner.runTest(SuiteRunner.java:334)
	at org.testng.SuiteRunner.runSequentially(SuiteRunner.java:329)
	at org.testng.SuiteRunner.privateRun(SuiteRunner.java:291)
	at org.testng.SuiteRunner.run(SuiteRunner.java:240)
	at org.testng.SuiteRunnerWorker.runSuite(SuiteRunnerWorker.java:52)
	at org.testng.SuiteRunnerWorker.run(SuiteRunnerWorker.java:86)
	at org.testng.TestNG.runSuitesSequentially(TestNG.java:1224)
	at org.testng.TestNG.runSuitesLocally(TestNG.java:1149)
	at org.testng.TestNG.run(TestNG.java:1057)
	at org.testng.TestNG.privateMain(TestNG.java:1364)
	at org.testng.TestNG.main(TestNG.java:1333)
]]>
            </full-stacktrace>
          </exception> <!-- java.lang.AssertionError -->
          <reporter-output>
          </reporter-output>
        </test-method> <!-- trySoftAssert1 -->
      </class> <!-- com.testNg.SoftAssertTryial -->
      <class name="com.testNg.BeforeAfterAnnotationExample">
        <test-method status="PASS" signature="beforeSuite()[pri:0, instance:com.testNg.BeforeAfterAnnotationExample@30c7da1e]" name="beforeSuite" is-config="true" duration-ms="8" started-at="2017-08-27T22:54:36Z" finished-at="2017-08-27T22:54:36Z">
          <reporter-output>
          </reporter-output>
        </test-method> <!-- beforeSuite -->
        <test-method status="PASS" signature="beforeTest()[pri:0, instance:com.testNg.BeforeAfterAnnotationExample@30c7da1e]" name="beforeTest" is-config="true" duration-ms="0" started-at="2017-08-27T22:54:56Z" finished-at="2017-08-27T22:54:56Z">
          <reporter-output>
          </reporter-output>
        </test-method> <!-- beforeTest -->
        <test-method status="PASS" signature="beforeClass()[pri:0, instance:com.testNg.BeforeAfterAnnotationExample@30c7da1e]" name="beforeClass" is-config="true" duration-ms="0" started-at="2017-08-27T22:54:56Z" finished-at="2017-08-27T22:54:56Z">
          <reporter-output>
          </reporter-output>
        </test-method> <!-- beforeClass -->
        <test-method status="PASS" signature="beforeMethod()[pri:0, instance:com.testNg.BeforeAfterAnnotationExample@30c7da1e]" name="beforeMethod" is-config="true" duration-ms="0" started-at="2017-08-27T22:54:56Z" finished-at="2017-08-27T22:54:56Z">
          <reporter-output>
          </reporter-output>
        </test-method> <!-- beforeMethod -->
        <test-method status="PASS" signature="afterMethod()[pri:0, instance:com.testNg.BeforeAfterAnnotationExample@30c7da1e]" name="afterMethod" is-config="true" duration-ms="0" started-at="2017-08-27T22:54:56Z" finished-at="2017-08-27T22:54:56Z">
          <reporter-output>
          </reporter-output>
        </test-method> <!-- afterMethod -->
        <test-method status="PASS" signature="f()[pri:0, instance:com.testNg.BeforeAfterAnnotationExample@30c7da1e]" name="f" duration-ms="0" started-at="2017-08-27T22:54:56Z" finished-at="2017-08-27T22:54:56Z">
          <reporter-output>
          </reporter-output>
        </test-method> <!-- f -->
        <test-method status="PASS" signature="afterClass()[pri:0, instance:com.testNg.BeforeAfterAnnotationExample@30c7da1e]" name="afterClass" is-config="true" duration-ms="1" started-at="2017-08-27T22:54:56Z" finished-at="2017-08-27T22:54:56Z">
          <reporter-output>
          </reporter-output>
        </test-method> <!-- afterClass -->
        <test-method status="PASS" signature="afterMethod()[pri:0, instance:com.testNg.BeforeAfterAnnotationExample@30c7da1e]" name="afterMethod" is-config="true" duration-ms="0" started-at="2017-08-27T22:54:56Z" finished-at="2017-08-27T22:54:56Z">
          <reporter-output>
          </reporter-output>
        </test-method> <!-- afterMethod -->
        <test-method status="PASS" signature="f1()[pri:0, instance:com.testNg.BeforeAfterAnnotationExample@30c7da1e]" name="f1" duration-ms="0" started-at="2017-08-27T22:54:56Z" finished-at="2017-08-27T22:54:56Z">
          <reporter-output>
          </reporter-output>
        </test-method> <!-- f1 -->
        <test-method status="PASS" signature="beforeMethod()[pri:0, instance:com.testNg.BeforeAfterAnnotationExample@30c7da1e]" name="beforeMethod" is-config="true" duration-ms="0" started-at="2017-08-27T22:54:56Z" finished-at="2017-08-27T22:54:56Z">
          <reporter-output>
          </reporter-output>
        </test-method> <!-- beforeMethod -->
        <test-method status="PASS" signature="afterTest()[pri:0, instance:com.testNg.BeforeAfterAnnotationExample@30c7da1e]" name="afterTest" is-config="true" duration-ms="0" started-at="2017-08-27T22:54:56Z" finished-at="2017-08-27T22:54:56Z">
          <reporter-output>
          </reporter-output>
        </test-method> <!-- afterTest -->
        <test-method status="PASS" signature="afterSuite()[pri:0, instance:com.testNg.BeforeAfterAnnotationExample@30c7da1e]" name="afterSuite" is-config="true" duration-ms="1" started-at="2017-08-27T22:55:01Z" finished-at="2017-08-27T22:55:01Z">
          <reporter-output>
          </reporter-output>
        </test-method> <!-- afterSuite -->
      </class> <!-- com.testNg.BeforeAfterAnnotationExample -->
    </test> <!-- BeforeAfterAnnotation -->
  </suite> <!-- Learning TestNG -->
</testng-results>
