<?xml version="1.0" encoding="UTF-8"?>
<!-- Generated by org.testng.reporters.JUnitXMLReporter -->
<testsuite hostname="Mohits-MacBook-Pro.local" name="SoftAssert" tests="1" failures="1" timestamp="27 Aug 2017 17:24:56 GMT" time="0.003" errors="0">
  <testcase name="trySoftAssert1" time="0.003" classname="com.testNg.SoftAssertTryial">
    <failure type="java.lang.AssertionError" message="The following asserts failed:
Check1, Failes Here">
      <![CDATA[java.lang.AssertionError: The following asserts failed:
Check1, Failes Here
	at com.testNg.SoftAssertTryial.trySoftAssert1(SoftAssertTryial.java:26)
... Removed 24 stack frames]]>
    </failure>
  </testcase> <!-- trySoftAssert1 -->
</testsuite> <!-- SoftAssert -->
